numprocs=60
NEURON -- VERSION 7.7.2 7.7 (2b7985ba) 2019-06-20
Duke, Yale, and the BlueBrain Project -- Copyright 1984-2018
See http://neuron.yale.edu/neuron/credits

2022-06-07 20:18:15,167 [INFO] Created log file
2022-06-07 20:18:15,169 [INFO] Running NEURON with mpi (60 cores).
Additional mechanisms from files
 "modfiles//bg2pyr.mod" "modfiles//bginh.mod" "modfiles//cadyn.mod" "modfiles//cal2CA3.mod" "modfiles//cal2.mod" "modfiles//ca.mod" "modfiles//capoolCA3.mod" "modfiles//capool.mod" "modfiles//cas.mod" "modfiles//cat.mod" "modfiles//currentclamp.mod" "modfiles//function_TMonitor.mod" "modfiles//gap.mod" "modfiles//Gfluct_new_exc.mod" "modfiles//Gfluct_new_inh.mod" "modfiles//halfgap.mod" "modfiles//hCA3.mod" "modfiles//h.mod" "modfiles//imCA3.mod" "modfiles//im.mod" "modfiles//interD2interD_SOMPV_STFD_new.mod" "modfiles//interD2interD_STFD_new.mod" "modfiles//interD2pyrD_CR2P_STFD_new.mod" "modfiles//interD2pyrD_SOM2P_STFD_new.mod" "modfiles//interD2pyrD_STFD_new.mod" "modfiles//kadist.mod" "modfiles//kaprox.mod" "modfiles//kca.mod" "modfiles//kdrca1DA.mod" "modfiles//kdrca1.mod" "modfiles//kdrCA3.mod" "modfiles//kdrinter.mod" "modfiles//leakCA3.mod" "modfiles//leakDA.mod" "modfiles//leakinter.mod" "modfiles//leak.mod" "modfiles//na3DA.mod" "modfiles//na3.mod" "modfiles//nainter.mod" "modfiles//napCA3.mod" "modfiles//nap.mod" "modfiles//natCA3.mod" "modfiles//nat.mod" "modfiles//pyrD2interD_P2CR_STFD.mod" "modfiles//pyrD2interD_P2SOM_STFD.mod" "modfiles//pyrD2interD_STFD.mod" "modfiles//pyrD2pyrD_STFD_new.mod" "modfiles//sahpCA3.mod" "modfiles//sahp.mod" "modfiles//sahpNE.mod" "modfiles//vecevent.mod" "modfiles//xtra_imemrec.mod" "modfiles//xtra.mod"
2022-06-07 20:18:18,112 [INFO] Building cells.
2022-06-07 20:18:19,052 [INFO] Building recurrent connections
2022-06-07 20:19:31,986 [INFO] Building virtual cell stimulations for thalamus_pyr_A_spikes
2022-06-07 20:19:42,005 [INFO] Building virtual cell stimulations for thalamus_pyr_C_spikes
2022-06-07 20:19:43,891 [INFO] Building virtual cell stimulations for thalamus_som_spikes
2022-06-07 20:19:45,606 [INFO] Building virtual cell stimulations for thalamus_vip_spikes
2022-06-07 20:19:51,686 [INFO] Running simulation for 15000.000 ms with the time step 0.100 ms
2022-06-07 20:19:51,686 [INFO] Starting timestep: 0 at t_sim: 0.000 ms
2022-06-07 20:19:51,686 [INFO] Block save every 5000 steps
2022-06-07 20:21:18,146 [INFO]     step:5000 t_sim:500.00 ms
2022-06-07 20:22:45,151 [INFO]     step:10000 t_sim:1000.00 ms
2022-06-07 20:24:15,464 [INFO]     step:15000 t_sim:1500.00 ms
2022-06-07 20:25:45,937 [INFO]     step:20000 t_sim:2000.00 ms
2022-06-07 20:27:12,855 [INFO]     step:25000 t_sim:2500.00 ms
2022-06-07 20:28:40,080 [INFO]     step:30000 t_sim:3000.00 ms
2022-06-07 20:30:07,984 [INFO]     step:35000 t_sim:3500.00 ms
2022-06-07 20:31:35,377 [INFO]     step:40000 t_sim:4000.00 ms
2022-06-07 20:33:02,655 [INFO]     step:45000 t_sim:4500.00 ms
2022-06-07 20:34:30,541 [INFO]     step:50000 t_sim:5000.00 ms
2022-06-07 20:35:58,911 [INFO]     step:55000 t_sim:5500.00 ms
2022-06-07 20:37:25,891 [INFO]     step:60000 t_sim:6000.00 ms
2022-06-07 20:38:53,941 [INFO]     step:65000 t_sim:6500.00 ms
2022-06-07 20:40:23,339 [INFO]     step:70000 t_sim:7000.00 ms
2022-06-07 20:41:52,554 [INFO]     step:75000 t_sim:7500.00 ms
2022-06-07 20:43:21,539 [INFO]     step:80000 t_sim:8000.00 ms
2022-06-07 20:44:51,191 [INFO]     step:85000 t_sim:8500.00 ms
2022-06-07 20:46:21,213 [INFO]     step:90000 t_sim:9000.00 ms
2022-06-07 20:47:50,935 [INFO]     step:95000 t_sim:9500.00 ms
2022-06-07 20:49:19,075 [INFO]     step:100000 t_sim:10000.00 ms
2022-06-07 20:50:49,272 [INFO]     step:105000 t_sim:10500.00 ms
2022-06-07 20:52:11,569 [INFO]     step:110000 t_sim:11000.00 ms
2022-06-07 20:53:34,241 [INFO]     step:115000 t_sim:11500.00 ms
2022-06-07 20:54:56,128 [INFO]     step:120000 t_sim:12000.00 ms
2022-06-07 20:56:18,561 [INFO]     step:125000 t_sim:12500.00 ms
2022-06-07 20:57:41,760 [INFO]     step:130000 t_sim:13000.00 ms
2022-06-07 20:59:03,986 [INFO]     step:135000 t_sim:13500.00 ms
2022-06-07 21:00:26,547 [INFO]     step:140000 t_sim:14000.00 ms
2022-06-07 21:01:49,618 [INFO]     step:145000 t_sim:14500.00 ms
2022-06-07 21:03:11,708 [INFO]     step:150000 t_sim:15000.00 ms
2022-06-07 21:03:13,420 [INFO] Simulation completed in 43.0 minutes, 21.73 seconds 
Done running model at Tue Jun  7 21:03:14 CDT 2022
