numprocs=5
NEURON -- VERSION 8.1.0 HEAD (047dd824) 2022-03-25
Duke, Yale, and the BlueBrain Project -- Copyright 1984-2021
See http://neuron.yale.edu/neuron/credits

2022-11-08 03:57:59,238 [INFO] Created log file
2022-11-08 03:57:59,238 [INFO] Running NEURON with mpi (5 cores).
Additional mechanisms from files
 "modfiles//bg2pyr.mod" "modfiles//bginh.mod" "modfiles//cadyn.mod" "modfiles//cal2CA3.mod" "modfiles//cal2.mod" "modfiles//ca.mod" "modfiles//capoolCA3.mod" "modfiles//capool.mod" "modfiles//cas.mod" "modfiles//cat.mod" "modfiles//currentclamp.mod" "modfiles//function_TMonitor.mod" "modfiles//gap.mod" "modfiles//Gfluct_new_exc.mod" "modfiles//Gfluct_new_inh.mod" "modfiles//halfgap.mod" "modfiles//hCA3.mod" "modfiles//h.mod" "modfiles//imCA3.mod" "modfiles//im.mod" "modfiles//kadist.mod" "modfiles//kaprox.mod" "modfiles//kca.mod" "modfiles//kdrca1DA.mod" "modfiles//kdrca1.mod" "modfiles//kdrCA3.mod" "modfiles//kdrinter.mod" "modfiles//leakCA3.mod" "modfiles//leakDA.mod" "modfiles//leakinter.mod" "modfiles//leak.mod" "modfiles//na3DA.mod" "modfiles//na3.mod" "modfiles//nainter.mod" "modfiles//napCA3.mod" "modfiles//nap.mod" "modfiles//natCA3.mod" "modfiles//nat.mod" "modfiles//pv2pv.mod" "modfiles//pv2pyr.mod" "modfiles//pv2som.mod" "modfiles//pyr2pv.mod" "modfiles//pyr2pyr.mod" "modfiles//pyr2som.mod" "modfiles//pyr2vip.mod" "modfiles//sahpCA3.mod" "modfiles//sahp.mod" "modfiles//sahpNE.mod" "modfiles//shock2int.mod" "modfiles//som2pv.mod" "modfiles//som2pyr.mod" "modfiles//som2vip.mod" "modfiles//tone2pv.mod" "modfiles//tone2pyr.mod" "modfiles//tone2vip.mod" "modfiles//vecevent.mod" "modfiles//vip2som.mod" "modfiles//xtra_imemrec.mod" "modfiles//xtra.mod"
2022-11-08 03:57:59,787 [INFO] Building cells.
2022-11-08 03:58:06,082 [INFO] Building recurrent connections
2022-11-08 04:02:34,314 [INFO] Building virtual cell stimulations for thalamus_pyr_A_spikes
2022-11-08 04:02:35,431 [INFO] Building virtual cell stimulations for thalamus_pyr_C_spikes
2022-11-08 04:02:36,177 [INFO] Building virtual cell stimulations for thalamus_pv_spikes
2022-11-08 04:02:36,581 [INFO] Building virtual cell stimulations for thalamus_som_spikes
2022-11-08 04:02:36,918 [INFO] Building virtual cell stimulations for thalamus_vip_spikes
2022-11-08 04:02:37,374 [INFO] Building virtual cell stimulations for tone_spikes
2022-11-08 04:02:40,496 [INFO] Running simulation for 10000.000 ms with the time step 0.100 ms
2022-11-08 04:02:40,496 [INFO] Starting timestep: 0 at t_sim: 0.000 ms
2022-11-08 04:02:40,496 [INFO] Block save every 5000 steps
2022-11-08 04:25:13,849 [INFO]     step:5000 t_sim:500.00 ms
2022-11-08 04:48:00,189 [INFO]     step:10000 t_sim:1000.00 ms
2022-11-08 05:10:49,426 [INFO]     step:15000 t_sim:1500.00 ms
2022-11-08 05:33:39,189 [INFO]     step:20000 t_sim:2000.00 ms
2022-11-08 05:56:30,561 [INFO]     step:25000 t_sim:2500.00 ms
2022-11-08 06:19:24,509 [INFO]     step:30000 t_sim:3000.00 ms
2022-11-08 06:42:21,148 [INFO]     step:35000 t_sim:3500.00 ms
2022-11-08 07:05:19,154 [INFO]     step:40000 t_sim:4000.00 ms
2022-11-08 07:28:18,604 [INFO]     step:45000 t_sim:4500.00 ms
2022-11-08 07:51:19,131 [INFO]     step:50000 t_sim:5000.00 ms
2022-11-08 08:14:22,056 [INFO]     step:55000 t_sim:5500.00 ms
2022-11-08 08:37:26,657 [INFO]     step:60000 t_sim:6000.00 ms
2022-11-08 09:00:34,509 [INFO]     step:65000 t_sim:6500.00 ms
2022-11-08 09:23:42,861 [INFO]     step:70000 t_sim:7000.00 ms
2022-11-08 09:46:52,452 [INFO]     step:75000 t_sim:7500.00 ms
2022-11-08 10:10:05,855 [INFO]     step:80000 t_sim:8000.00 ms
2022-11-08 10:33:21,380 [INFO]     step:85000 t_sim:8500.00 ms
2022-11-08 10:56:38,436 [INFO]     step:90000 t_sim:9000.00 ms
2022-11-08 11:19:55,941 [INFO]     step:95000 t_sim:9500.00 ms
2022-11-08 11:41:40,477 [INFO]     step:100000 t_sim:10000.00 ms
2022-11-08 11:41:40,866 [INFO] Simulation completed in 7.0 hours, 39.0 minutes and 0.3706 seconds 
--------------------------------------------------------------------------
mpiexec has exited due to process rank 1 with PID 282397 on
node engr-nelvm-res exiting improperly. There are three reasons this could occur:

1. this process did not call "init" before exiting, but others in
the job did. This can cause a job to hang indefinitely while it waits
for all processes to call "init". By rule, if one process calls "init",
then ALL processes must call "init" prior to termination.

2. this process called "init", but exited without calling "finalize".
By rule, all processes that call "init" MUST call "finalize" prior to
exiting or it will be considered an "abnormal termination"

3. this process called "MPI_Abort" or "orte_abort" and the mca parameter
orte_create_session_dirs is set to false. In this case, the run-time cannot
detect that the abort call was an abnormal termination. Hence, the only
error message you will receive is this one.

This may have caused other processes in the application to be
terminated by signals sent by mpiexec (as reported here).

You can avoid this message by specifying -quiet on the mpiexec command line.

--------------------------------------------------------------------------
Done running model at Tue Nov  8 11:41:46 CST 2022
