numprocs=20
NEURON -- VERSION 7.7.2 7.7 (2b7985ba) 2019-06-20
Duke, Yale, and the BlueBrain Project -- Copyright 1984-2018
See http://neuron.yale.edu/neuron/credits

2022-10-17 23:34:33,389 [INFO] Created log file
2022-10-17 23:34:33,390 [INFO] Running NEURON with mpi (20 cores).
Additional mechanisms from files
 modfiles//bg2pyr.mod modfiles//bginh.mod modfiles//bg_tone2pv.mod modfiles//bg_tone2pyr.mod modfiles//cadyn.mod modfiles//cal2CA3.mod modfiles//cal2.mod modfiles//ca.mod modfiles//capoolCA3.mod modfiles//capool.mod modfiles//cas.mod modfiles//cat.mod modfiles//currentclamp.mod modfiles//function_TMonitor.mod modfiles//gap.mod modfiles//Gfluct_new_exc.mod modfiles//Gfluct_new_inh.mod modfiles//halfgap.mod modfiles//hCA3.mod modfiles//h.mod modfiles//imCA3.mod modfiles//im.mod modfiles//kadist.mod modfiles//kaprox.mod modfiles//kca.mod modfiles//kdrca1DA.mod modfiles//kdrca1.mod modfiles//kdrCA3.mod modfiles//kdrinter.mod modfiles//leakCA3.mod modfiles//leakDA.mod modfiles//leakinter.mod modfiles//leak.mod modfiles//na3DA.mod modfiles//na3.mod modfiles//nainter.mod modfiles//napCA3.mod modfiles//nap.mod modfiles//natCA3.mod modfiles//nat.mod modfiles//pv2pv.mod modfiles//pv2pyr.mod modfiles//pv2som.mod modfiles//pyr2pv.mod modfiles//pyr2pyr.mod modfiles//pyr2som.mod modfiles//pyr2vip.mod modfiles//sahpCA3.mod modfiles//sahp.mod modfiles//sahpNE.mod modfiles//shock2int.mod modfiles//som2pv.mod modfiles//som2pyr.mod modfiles//som2vip.mod modfiles//tone2pv.mod modfiles//tone2pyr.mod modfiles//tone2vip.mod modfiles//vecevent.mod modfiles//vip2som.mod modfiles//xtra_imemrec.mod modfiles//xtra.mod
2022-10-17 23:34:35,912 [INFO] Building cells.
2022-10-17 23:34:36,512 [INFO] Building recurrent connections
2022-10-17 23:39:12,705 [INFO] Building virtual cell stimulations for thalamus_pyr_A_spikes
2022-10-17 23:39:24,790 [INFO] Building virtual cell stimulations for thalamus_pyr_C_spikes
2022-10-17 23:39:30,181 [INFO] Building virtual cell stimulations for thalamus_pv_spikes
2022-10-17 23:39:31,333 [INFO] Building virtual cell stimulations for thalamus_som_spikes
2022-10-17 23:39:34,080 [INFO] Building virtual cell stimulations for thalamus_vip_spikes
2022-10-17 23:39:36,128 [INFO] Building virtual cell stimulations for tone_spikes
2022-10-17 23:42:42,777 [INFO] Running simulation for 19000.000 ms with the time step 0.100 ms
2022-10-17 23:42:42,777 [INFO] Starting timestep: 0 at t_sim: 0.000 ms
2022-10-17 23:42:42,777 [INFO] Block save every 5000 steps
2022-10-17 23:57:00,662 [INFO]     step:5000 t_sim:500.00 ms
2022-10-18 00:11:50,487 [INFO]     step:10000 t_sim:1000.00 ms
2022-10-18 00:26:32,584 [INFO]     step:15000 t_sim:1500.00 ms
2022-10-18 00:41:20,154 [INFO]     step:20000 t_sim:2000.00 ms
2022-10-18 00:56:12,870 [INFO]     step:25000 t_sim:2500.00 ms
2022-10-18 01:11:03,888 [INFO]     step:30000 t_sim:3000.00 ms
2022-10-18 01:25:44,491 [INFO]     step:35000 t_sim:3500.00 ms
2022-10-18 01:40:23,490 [INFO]     step:40000 t_sim:4000.00 ms
2022-10-18 01:55:12,907 [INFO]     step:45000 t_sim:4500.00 ms
2022-10-18 02:09:55,273 [INFO]     step:50000 t_sim:5000.00 ms
2022-10-18 02:24:33,802 [INFO]     step:55000 t_sim:5500.00 ms
2022-10-18 02:41:11,715 [INFO]     step:60000 t_sim:6000.00 ms
2022-10-18 02:56:32,377 [INFO]     step:65000 t_sim:6500.00 ms
2022-10-18 03:12:34,575 [INFO]     step:70000 t_sim:7000.00 ms
2022-10-18 03:27:43,598 [INFO]     step:75000 t_sim:7500.00 ms
13 nrniv: PyObject method call failed: post_fadvance
13  near line 0
13  ^
        13 advance()
      13 step()
    13 continuerun(19000)
  13 run(19000)
Traceback (most recent call last):
  File "h5py/_objects.pyx", line 178, in h5py._objects.ObjectID.__dealloc__
RuntimeError: Can't decrement id ref count (File write failed: time = tue oct 18 03:42:57 2022
, filename = '/home/gjgpb9/largescalebla/outputecp_tone/tmp_13_ecp.h5', file descriptor = 51, errno = 28, error message = 'no space left on device', buf = 0x1d792820, total write size = 19664, bytes this sub-write = 19664, bytes actually written = 18446744073709551615, offset = 626688)
Exception i