numprocs=140
NEURON -- VERSION 9.0.dev-1279-gc8174d5c9+ master (c8174d5c9+) 2023-02-02
Duke, Yale, and the BlueBrain Project -- Copyright 1984-2022
See http://neuron.yale.edu/neuron/credits

2023-04-22 10:30:11,567 [INFO] Created log file
2023-04-22 10:30:11,627 [INFO] Running NEURON with mpi (140 cores).
Additional mechanisms from files
 "modfiles_core//AMPA_NMDA.mod" "modfiles_core//AMPA_NMDA_STP_LTP_mixed_feng.mod" "modfiles_core//AMPA_NMDA_STP_LTP_mixed_feng_PN2PV.mod" "modfiles_core//AMPA_NMDA_STP_LTP_mixed_feng_tone2PN.mod" "modfiles_core//AMPA_NMDA_STP_LTP_mixed_feng_tone2PV.mod" "modfiles_core//AMPA_NMDA_STP_LTP.mod" "modfiles_core//AMPA_NMDA_STP_LTP_PN2PV_old.mod" "modfiles_core//AMPA_NMDA_STP_LTP_tone2PN_old.mod" "modfiles_core//AMPA_NMDA_STP_LTP_tone2PV_old.mod" "modfiles_core//AMPA_NMDA_STP.mod" "modfiles_core//AMPA_NMDA_STP_PN2PN.mod" "modfiles_core//bg2pyr.mod" "modfiles_core//cadyn.mod" "modfiles_core//cal2CA3.mod" "modfiles_core//cal2.mod" "modfiles_core//capoolCA3.mod" "modfiles_core//capool.mod" "modfiles_core//cas.mod" "modfiles_core//cat.mod" "modfiles_core//currentclamp.mod" "modfiles_core//function_TMonitor.mod" "modfiles_core//GABA_AB.mod" "modfiles_core//GABA_AB_STP.mod" "modfiles_core//Gfluct_exc.mod" "modfiles_core//Gfluct_inh.mod" "modfiles_core//Gfluct_new_exc.mod" "modfiles_core//Gfluct_new_inh.mod" "modfiles_core//halfgap.mod" "modfiles_core//hCA3.mod" "modfiles_core//h.mod" "modfiles_core//imCA3.mod" "modfiles_core//im.mod" "modfiles_core//kadist.mod" "modfiles_core//kaprox.mod" "modfiles_core//kca.mod" "modfiles_core//kdrca1DA.mod" "modfiles_core//kdrca1.mod" "modfiles_core//kdrCA3.mod" "modfiles_core//kdrinter.mod" "modfiles_core//leakCA3.mod" "modfiles_core//leakDA.mod" "modfiles_core//leakinter.mod" "modfiles_core//leak.mod" "modfiles_core//na3DA.mod" "modfiles_core//na3.mod" "modfiles_core//nainter.mod" "modfiles_core//napCA3.mod" "modfiles_core//nap.mod" "modfiles_core//natCA3.mod" "modfiles_core//nat.mod" "modfiles_core//pv2pv.mod" "modfiles_core//pv2pyr.mod" "modfiles_core//pv2som.mod" "modfiles_core//pyr2pv.mod" "modfiles_core//pyr2pyr.mod" "modfiles_core//pyr2som.mod" "modfiles_core//pyr2vip.mod" "modfiles_core//sahpCA3.mod" "modfiles_core//sahp.mod" "modfiles_core//sahpNE.mod" "modfiles_core//shock2int.mod" "modfiles_core//shock2int_non_change.mod" "modfiles_core//som2pv.mod" "modfiles_core//som2pyr.mod" "modfiles_core//tone2pv.mod" "modfiles_core//tone2pyr.mod" "modfiles_core//tone2vip.mod" "modfiles_core//vecevent_coreneuron.mod"
2023-04-22 10:30:12,603 [INFO] Building cells.
2023-04-22 10:30:12,770 [INFO] Building recurrent connections
2023-04-22 10:30:20,145 [INFO] Building virtual cell stimulations for thalamus_pyr_A_spikes
2023-04-22 10:30:21,699 [INFO] Building virtual cell stimulations for thalamus_pyr_C_spikes
2023-04-22 10:30:23,155 [INFO] Building virtual cell stimulations for thalamus_pv_spikes
2023-04-22 10:30:23,755 [INFO] Building virtual cell stimulations for thalamus_som_spikes
2023-04-22 10:30:24,060 [INFO] Building virtual cell stimulations for tone_spikes
2023-04-22 10:31:17,667 [INFO] Running simulation for 15000.000 ms with the time step 0.100 ms
2023-04-22 10:31:17,668 [INFO] Starting timestep: 0 at t_sim: 0.000 ms
2023-04-22 10:31:17,668 [INFO] Block save every 5000 steps
2023-04-22 10:33:26,372 [INFO]     step:5000 t_sim:500.00 ms
2023-04-22 10:35:45,793 [INFO]     step:10000 t_sim:1000.00 ms
2023-04-22 10:38:12,133 [INFO]     step:15000 t_sim:1500.00 ms
2023-04-22 10:40:44,063 [INFO]     step:20000 t_sim:2000.00 ms
2023-04-22 10:43:20,247 [INFO]     step:25000 t_sim:2500.00 ms
2023-04-22 10:45:57,446 [INFO]     step:30000 t_sim:3000.00 ms
2023-04-22 10:48:38,315 [INFO]     step:35000 t_sim:3500.00 ms
2023-04-22 10:51:20,143 [INFO]     step:40000 t_sim:4000.00 ms
2023-04-22 10:54:04,008 [INFO]     step:45000 t_sim:4500.00 ms
2023-04-22 10:56:47,716 [INFO]     step:50000 t_sim:5000.00 ms
2023-04-22 10:59:34,372 [INFO]     step:55000 t_sim:5500.00 ms
2023-04-22 11:02:21,488 [INFO]     step:60000 t_sim:6000.00 ms
2023-04-22 11:05:09,241 [INFO]     step:65000 t_sim:6500.00 ms
2023-04-22 11:07:56,238 [INFO]     step:70000 t_sim:7000.00 ms
2023-04-22 11:10:44,522 [INFO]     step:75000 t_sim:7500.00 ms
2023-04-22 11:13:30,658 [INFO]     step:80000 t_sim:8000.00 ms
2023-04-22 11:16:16,724 [INFO]     step:85000 t_sim:8500.00 ms
2023-04-22 11:19:03,231 [INFO]     step:90000 t_sim:9000.00 ms
2023-04-22 11:21:51,042 [INFO]     step:95000 t_sim:9500.00 ms
2023-04-22 11:24:36,875 [INFO]     step:100000 t_sim:10000.00 ms
2023-04-22 11:27:21,140 [INFO]     step:105000 t_sim:10500.00 ms
2023-04-22 11:30:06,247 [INFO]     step:110000 t_sim:11000.00 ms
2023-04-22 11:32:49,988 [INFO]     step:115000 t_sim:11500.00 ms
2023-04-22 11:35:33,206 [INFO]     step:120000 t_sim:12000.00 ms
2023-04-22 11:38:15,276 [INFO]     step:125000 t_sim:12500.00 ms
2023-04-22 11:40:59,322 [INFO]     step:130000 t_sim:13000.00 ms
2023-04-22 11:43:42,614 [INFO]     step:135000 t_sim:13500.00 ms
2023-04-22 11:46:26,082 [INFO]     step:140000 t_sim:14000.00 ms
2023-04-22 11:49:11,687 [INFO]     step:145000 t_sim:14500.00 ms
2023-04-22 11:51:58,400 [INFO]     step:150000 t_sim:15000.00 ms
2023-04-22 12:07:28,606 [INFO] Simulation completed in 96.0 minutes, 41.89 seconds 

===================================================================================
=   BAD TERMINATION OF ONE OF YOUR APPLICATION PROCESSES
=   PID 1204554 RUNNING AT engr-nelvm-res
=   EXIT CODE: 9
=   CLEANING UP REMAINING PROCESSES
=   YOU CAN IGNORE THE BELOW CLEANUP MESSAGES
===================================================================================
YOUR APPLICATION TERMINATED WITH THE EXIT STRING: Killed (signal 9)
This typically refers to a problem with your application.
Please see the FAQ page for debugging suggestions
Done running model at Sat Apr 22 12:07:30 CDT 2023
