This is pdfTeX, Version 3.14159265-2.6-1.40.19 (TeX Live 2018) (preloaded format=pdflatex 2024.9.6)  1 OCT 2024 22:58
entering extended mode
 restricted \write18 enabled.
 file:line:error style messages enabled.
 %&-line parsing enabled.
**/home/group/cortex_modeling/M1_Layer23/Write-Ups/Model_summary/main
(/home/group/cortex_modeling/M1_Layer23/Write-Ups/Model_summary/main.tex
LaTeX2e <2017-04-15>
Babel <3.17> and hyphenation patterns for 3 language(s) loaded.
(/usr/share/texlive/texmf-dist/tex/latex/base/article.cls
Document Class: article 2014/09/29 v1.4h Standard LaTeX document class
(/usr/share/texlive/texmf-dist/tex/latex/base/size12.clo
File: size12.clo 2014/09/29 v1.4h Standard LaTeX file (size option)
)
\c@part=\count79
\c@section=\count80
\c@subsection=\count81
\c@subsubsection=\count82
\c@paragraph=\count83
\c@subparagraph=\count84
\c@figure=\count85
\c@table=\count86
\abovecaptionskip=\skip41
\belowcaptionskip=\skip42
\bibindent=\dimen102
) (/usr/share/texlive/texmf-dist/tex/latex/graphics/graphicx.sty
Package: graphicx 2017/06/01 v1.1a Enhanced LaTeX Graphics (DPC,SPQR)
 (/usr/share/texlive/texmf-dist/tex/latex/graphics/keyval.sty
Package: keyval 2014/10/28 v1.15 key=value parser (DPC)
\KV@toks@=\toks14
) (/usr/share/texlive/texmf-dist/tex/latex/graphics/graphics.sty
Package: graphics 2017/06/25 v1.2c Standard LaTeX Graphics (DPC,SPQR)
 (/usr/share/texlive/texmf-dist/tex/latex/graphics/trig.sty
Package: trig 2016/01/03 v1.10 sin cos tan (DPC)
) (/usr/share/texlive/texmf-dist/tex/latex/graphics-cfg/graphics.cfg
File: graphics.cfg 2016/06/04 v1.11 sample graphics configuration
)
Package graphics Info: Driver file: pdftex.def on input line 99.
 (/usr/share/texlive/texmf-dist/tex/latex/graphics-def/pdftex.def
File: pdftex.def 2017/06/24 v1.0g Graphics/color driver for pdftex
))
\Gin@req@height=\dimen103
\Gin@req@width=\dimen104
) (/usr/share/texlive/texmf-dist/tex/latex/float/float.sty
Package: float 2001/11/08 v1.3d Float enhancements (AL)
\c@float@type=\count87
\float@exts=\toks15
\float@box=\box26
\@float@everytoks=\toks16
\@floatcapt=\box27
) (/usr/share/texlive/texmf-dist/tex/latex/caption/caption.sty
Package: caption 2016/02/21 v3.3-144 Customizing captions (AR)
 (/usr/share/texlive/texmf-dist/tex/latex/caption/caption3.sty
Package: caption3 2016/05/22 v1.7-166 caption3 kernel (AR)
Package caption3 Info: TeX engine: e-TeX on input line 67.
\captionmargin=\dimen105
\captionmargin@=\dimen106
\captionwidth=\dimen107
\caption@tempdima=\dimen108
\caption@indent=\dimen109
\caption@parindent=\dimen110
\caption@hangindent=\dimen111
)
\c@ContinuedFloat=\count88
Package caption Info: float package is loaded.
) (/usr/share/texlive/texmf-dist/tex/latex/caption/subcaption.sty
Package: subcaption 2016/05/22 v1.1-161 Sub-captions (AR)
\c@subfigure=\count89
\c@subtable=\count90
) (/usr/share/texlive/texmf-dist/tex/latex/xcolor/xcolor.sty
Package: xcolor 2016/05/11 v2.12 LaTeX color extensions (UK)
 (/usr/share/texlive/texmf-dist/tex/latex/graphics-cfg/color.cfg
File: color.cfg 2016/01/02 v1.6 sample color configuration
)
Package xcolor Info: Driver file: pdftex.def on input line 225.
 (/usr/share/texlive/texmf-dist/tex/latex/colortbl/colortbl.sty
Package: colortbl 2012/02/13 v1.0a Color table columns (DPC)
 (/usr/share/texlive/texmf-dist/tex/latex/tools/array.sty
Package: array 2016/10/06 v2.4d Tabular extension package (FMi)
\col@sep=\dimen112
\extrarowheight=\dimen113
\NC@list=\toks17
\extratabsurround=\skip43
\backup@length=\skip44
)
\everycr=\toks18
\minrowclearance=\skip45
)
\rownum=\count91
Package xcolor Info: Model `cmy' substituted by `cmy0' on input line 1348.
Package xcolor Info: Model `hsb' substituted by `rgb' on input line 1352.
Package xcolor Info: Model `RGB' extended on input line 1364.
Package xcolor Info: Model `HTML' substituted by `rgb' on input line 1366.
Package xcolor Info: Model `Hsb' substituted by `hsb' on input line 1367.
Package xcolor Info: Model `tHsb' substituted by `hsb' on input line 1368.
Package xcolor Info: Model `HSB' substituted by `hsb' on input line 1369.
Package xcolor Info: Model `Gray' substituted by `gray' on input line 1370.
Package xcolor Info: Model `wave' substituted by `hsb' on input line 1371.
) (/usr/share/texlive/texmf-dist/tex/latex/tools/tabularx.sty
Package: tabularx 2016/02/03 v2.11 `tabularx' package (DPC)
\TX@col@width=\dimen114
\TX@old@table=\dimen115
\TX@old@col=\dimen116
\TX@target=\dimen117
\TX@delta=\dimen118
\TX@cols=\count92
\TX@ftn=\toks19
) (/usr/share/texlive/texmf-dist/tex/latex/geometry/geometry.sty
Package: geometry 2010/09/12 v5.6 Page Geometry
 (/usr/share/texlive/texmf-dist/tex/generic/oberdiek/ifpdf.sty
Package: ifpdf 2017/03/15 v3.2 Provides the ifpdf switch
) (/usr/share/texlive/texmf-dist/tex/generic/oberdiek/ifvtex.sty
Package: ifvtex 2016/05/16 v1.6 Detect VTeX and its facilities (HO)
Package ifvtex Info: VTeX not detected.
) (/usr/share/texlive/texmf-dist/tex/generic/ifxetex/ifxetex.sty
Package: ifxetex 2010/09/12 v0.6 Provides ifxetex conditional
)
\Gm@cnth=\count93
\Gm@cntv=\count94
\c@Gm@tempcnt=\count95
\Gm@bindingoffset=\dimen119
\Gm@wd@mp=\dimen120
\Gm@odd@mp=\dimen121
\Gm@even@mp=\dimen122
\Gm@layoutwidth=\dimen123
\Gm@layoutheight=\dimen124
\Gm@layouthoffset=\dimen125
\Gm@layoutvoffset=\dimen126
\Gm@dimlist=\toks20
) (./main.aux

LaTeX Warning: Label `tab:syn_prop' multiply defined.


LaTeX Warning: Label `tab:syn_prop' multiply defined.


LaTeX Warning: Label `fig:baseline-spikes' multiply defined.


LaTeX Warning: Label `sub@fig:baseline-spikes' multiply defined.


LaTeX Warning: Label `fig:baseline-raster' multiply defined.


LaTeX Warning: Label `sub@fig:baseline-raster' multiply defined.


LaTeX Warning: Label `fig:baseline-psd' multiply defined.


LaTeX Warning: Label `sub@fig:baseline-psd' multiply defined.


LaTeX Warning: Label `fig:baseline-spectrogram' multiply defined.


LaTeX Warning: Label `sub@fig:baseline-spectrogram' multiply defined.


LaTeX Warning: Label `fig:short-spikes' multiply defined.


LaTeX Warning: Label `sub@fig:short-spikes' multiply defined.


LaTeX Warning: Label `fig:short-raster' multiply defined.


LaTeX Warning: Label `sub@fig:short-raster' multiply defined.


LaTeX Warning: Label `fig:short-psd' multiply defined.


LaTeX Warning: Label `sub@fig:short-psd' multiply defined.


LaTeX Warning: Label `fig:short-spectrogram' multiply defined.


LaTeX Warning: Label `sub@fig:short-spectrogram' multiply defined.


LaTeX Warning: Label `fig:long-spikes' multiply defined.


LaTeX Warning: Label `sub@fig:long-spikes' multiply defined.


LaTeX Warning: Label `fig:long-raster' multiply defined.


LaTeX Warning: Label `sub@fig:long-raster' multiply defined.


LaTeX Warning: Label `fig:long-psd' multiply defined.


LaTeX Warning: Label `sub@fig:long-psd' multiply defined.


LaTeX Warning: Label `fig:long-spectrogram' multiply defined.


LaTeX Warning: Label `sub@fig:long-spectrogram' multiply defined.

)
\openout1 = `main.aux'.

LaTeX Font Info:    Checking defaults for OML/cmm/m/it on input line 22.
LaTeX Font Info:    ... okay on input line 22.
LaTeX Font Info:    Checking defaults for T1/cmr/m/n on input line 22.
LaTeX Font Info:    ... okay on input line 22.
LaTeX Font Info:    Checking defaults for OT1/cmr/m/n on input line 22.
LaTeX Font Info:    ... okay on input line 22.
LaTeX Font Info:    Checking defaults for OMS/cmsy/m/n on input line 22.
LaTeX Font Info:    ... okay on input line 22.
LaTeX Font Info:    Checking defaults for OMX/cmex/m/n on input line 22.
LaTeX Font Info:    ... okay on input line 22.
LaTeX Font Info:    Checking defaults for U/cmr/m/n on input line 22.
LaTeX Font Info:    ... okay on input line 22.
 (/usr/share/texlive/texmf-dist/tex/context/base/mkii/supp-pdf.mkii
[Loading MPS to PDF converter (version 2006.09.02).]
\scratchcounter=\count96
\scratchdimen=\dimen127
\scratchbox=\box28
\nofMPsegments=\count97
\nofMParguments=\count98
\everyMPshowfont=\toks21
\MPscratchCnt=\count99
\MPscratchDim=\dimen128
\MPnumerator=\count100
\makeMPintoPDFobject=\count101
\everyMPtoPDFconversion=\toks22
) (/usr/share/texlive/texmf-dist/tex/latex/oberdiek/epstopdf-base.sty
Package: epstopdf-base 2016/05/15 v2.6 Base part for package epstopdf
 (/usr/share/texlive/texmf-dist/tex/generic/oberdiek/infwarerr.sty
Package: infwarerr 2016/05/16 v1.4 Providing info/warning/error messages (HO)
) (/usr/share/texlive/texmf-dist/tex/latex/oberdiek/grfext.sty
Package: grfext 2016/05/16 v1.2 Manage graphics extensions (HO)
 (/usr/share/texlive/texmf-dist/tex/generic/oberdiek/kvdefinekeys.sty
Package: kvdefinekeys 2016/05/16 v1.4 Define keys (HO)
 (/usr/share/texlive/texmf-dist/tex/generic/oberdiek/ltxcmds.sty
Package: ltxcmds 2016/05/16 v1.23 LaTeX kernel commands for general use (HO)
))) (/usr/share/texlive/texmf-dist/tex/latex/oberdiek/kvoptions.sty
Package: kvoptions 2016/05/16 v3.12 Key value format for package options (HO)
 (/usr/share/texlive/texmf-dist/tex/generic/oberdiek/kvsetkeys.sty
Package: kvsetkeys 2016/05/16 v1.17 Key value parser (HO)
 (/usr/share/texlive/texmf-dist/tex/generic/oberdiek/etexcmds.sty
Package: etexcmds 2016/05/16 v1.6 Avoid name clashes with e-TeX commands (HO)
 (/usr/share/texlive/texmf-dist/tex/generic/oberdiek/ifluatex.sty
Package: ifluatex 2016/05/16 v1.4 Provides the ifluatex switch (HO)
Package ifluatex Info: LuaTeX not detected.
)
Package etexcmds Info: Could not find \expanded.
(etexcmds)             That can mean that you are not using pdfTeX 1.50 or
(etexcmds)             that some package has redefined \expanded.
(etexcmds)             In the latter case, load this package earlier.
))) (/usr/share/texlive/texmf-dist/tex/generic/oberdiek/pdftexcmds.sty
Package: pdftexcmds 2017/03/19 v0.25 Utility functions of pdfTeX for LuaTeX (HO)
Package pdftexcmds Info: LuaTeX not detected.
Package pdftexcmds Info: \pdf@primitive is available.
Package pdftexcmds Info: \pdf@ifprimitive is available.
Package pdftexcmds Info: \pdfdraftmode found.
)
Package epstopdf-base Info: Redefining graphics rule for `.eps' on input line 438.
Package grfext Info: Graphics extension search list:
(grfext)             [.pdf,.png,.jpg,.mps,.jpeg,.jbig2,.jb2,.PDF,.PNG,.JPG,.JPEG,.JBIG2,.JB2,.eps]
(grfext)             \AppendGraphicsExtensions on input line 456.
 (/usr/share/texlive/texmf-dist/tex/latex/latexconfig/epstopdf-sys.cfg
File: epstopdf-sys.cfg 2010/07/13 v1.3 Configuration of (r)epstopdf for TeX Live
))
Package caption Info: Begin \AtBeginDocument code.
Package caption Info: End \AtBeginDocument code.

*geometry* driver: auto-detecting
*geometry* detected driver: pdftex
*geometry* verbose mode - [ preamble ] result:
* driver: pdftex
* paper: letterpaper
* layout: <same size as paper>
* layoutoffset:(h,v)=(0.0pt,0.0pt)
* modes: 
* h-part:(L,W,R)=(36.135pt, 542.02501pt, 36.135pt)
* v-part:(T,H,B)=(36.135pt, 722.7pt, 36.135pt)
* \paperwidth=614.295pt
* \paperheight=794.96999pt
* \textwidth=542.02501pt
* \textheight=722.7pt
* \oddsidemargin=-36.135pt
* \evensidemargin=-36.135pt
* \topmargin=-73.135pt
* \headheight=12.0pt
* \headsep=25.0pt
* \topskip=12.0pt
* \footskip=30.0pt
* \marginparwidth=44.0pt
* \marginparsep=10.0pt
* \columnsep=10.0pt
* \skip\footins=10.8pt plus 4.0pt minus 2.0pt
* \hoffset=0.0pt
* \voffset=0.0pt
* \mag=1000
* \@twocolumnfalse
* \@twosidefalse
* \@mparswitchfalse
* \@reversemarginfalse
* (1in=72.27pt=25.4mm, 1cm=28.453pt)

LaTeX Font Info:    External font `cmex10' loaded for size
(Font)              <14.4> on input line 24.
LaTeX Font Info:    External font `cmex10' loaded for size
(Font)              <7> on input line 24.

LaTeX Warning: No \author given.


Underfull \hbox (badness 10000) in paragraph at lines 44--44
[]|\OT1/cmr/m/n/12 Apical
 []


Underfull \hbox (badness 10000) in paragraph at lines 44--44
[]|\OT1/cmr/m/n/12 V-Rest
 []


Underfull \hbox (badness 10000) in paragraph at lines 44--44
[]|\OT1/cmr/m/n/12 R[]in
 []


Underfull \hbox (badness 10000) in paragraph at lines 44--44
[]|\OT1/cmr/m/n/12 Rheobase
 []


Underfull \hbox (badness 10000) in paragraph at lines 44--44
[]|\OT1/cmr/m/n/12 FI curve
 []


Overfull \hbox (4.41327pt too wide) in paragraph at lines 68--68
[]|\OT1/cmr/m/n/12 32.2$\OMS/cmsy/m/n/12 ^^F$\OT1/cmr/m/n/12 27.4[[]]| 
 []


Overfull \hbox (4.41327pt too wide) in paragraph at lines 68--68
[]|\OT1/cmr/m/n/12 1.27$\OMS/cmsy/m/n/12 ^^F$\OT1/cmr/m/n/12 0.34[[]]| 
 []


Overfull \hbox (4.41327pt too wide) in paragraph at lines 68--68
[]|\OT1/cmr/m/n/12 32.0$\OMS/cmsy/m/n/12 ^^F$\OT1/cmr/m/n/12 25.5[[]]| 
 []


Overfull \hbox (4.41327pt too wide) in paragraph at lines 68--68
[]|\OT1/cmr/m/n/12 0.56$\OMS/cmsy/m/n/12 ^^F$\OT1/cmr/m/n/12 0.18[[]]| 
 []


Overfull \hbox (7.99934pt too wide) in paragraph at lines 68--68
[]|\OT1/cmr/m/n/12 23.9$\OMS/cmsy/m/n/12 ^^F$\OT1/cmr/m/n/12 7.8pA[[]]| 
 []


Underfull \hbox (badness 10000) in paragraph at lines 89--89
[]|\OT1/cmr/m/n/12 decay
 []


Underfull \hbox (badness 10000) in paragraph at lines 89--89
[]|\OT1/cmr/m/n/12 half
 []


Overfull \hbox (0.84673pt too wide) in paragraph at lines 89--89
[]|\OT1/cmr/m/n/12 LTS2LTS| 
 []

[1

{/usr/share/texlive/texmf-dist/fonts/map/pdftex/updmap/pdftex.map}]
Underfull \hbox (badness 10000) in paragraph at lines 109--109
[]|\OT1/cmr/m/n/12 tau r
 []


Underfull \hbox (badness 10000) in paragraph at lines 109--109
[]|\OT1/cmr/m/n/12 tau d
 []


Underfull \hbox (badness 10000) in paragraph at lines 109--109
[]|\OT1/cmr/m/n/12 level of
 []


Underfull \hbox (badness 10000) in paragraph at lines 109--109
[]|\OT1/cmr/m/n/12 AMPA
 []


Underfull \hbox (badness 10000) in paragraph at lines 109--109
\OT1/cmr/m/n/12 NMDA
 []


Underfull \hbox (badness 10000) in paragraph at lines 109--109
[]|\OT1/cmr/m/n/12 AMPA
 []


Underfull \hbox (badness 10000) in paragraph at lines 109--109
\OT1/cmr/m/n/12 NMDA
 []


Underfull \hbox (badness 10000) in paragraph at lines 109--109
[]|\OT1/cmr/m/n/12 AMPA
 []


Underfull \hbox (badness 10000) in paragraph at lines 109--109
\OT1/cmr/m/n/12 NMDA
 []


Underfull \hbox (badness 10000) in paragraph at lines 109--109
[]|\OT1/cmr/m/n/12 GABA
 []


Underfull \hbox (badness 10000) in paragraph at lines 109--109
[]|\OT1/cmr/m/n/12 GABA
 []


Underfull \hbox (badness 10000) in paragraph at lines 109--109
[]|\OT1/cmr/m/n/12 GABA
 []


Underfull \hbox (badness 10000) in paragraph at lines 109--109
[]|\OT1/cmr/m/n/12 GABA
 []


Underfull \hbox (badness 10000) in paragraph at lines 109--109
[]|\OT1/cmr/m/n/12 GABA
 []


Overfull \hbox (0.80228pt too wide) in paragraph at lines 109--109
[]|\OT1/cmr/m/n/12 LTS2LTS| 
 []


Underfull \hbox (badness 10000) in paragraph at lines 109--109
[]|\OT1/cmr/m/n/12 GABA
 []

<figures/connections/onto-pn-functions.png, id=10, 409.7709pt x 328.8285pt>
File: figures/connections/onto-pn-functions.png Graphic file (type png)
<use figures/connections/onto-pn-functions.png>
Package pdftex.def Info: figures/connections/onto-pn-functions.png  used on input line 132. on input line 132.
Package pdftex.def Info: Requested size: 216.80669pt x 173.98224pt on input line 132.
<figures/connections/onto-fsi-functions.png, id=12, 409.7709pt x 328.8285pt>
File: figures/connections/onto-fsi-functions.png Graphic file (type png)
<use figures/connections/onto-fsi-functions.png>
Package pdftex.def Info: figures/connections/onto-fsi-functions.png  used on input line 138. on input line 138.
Package pdftex.def Info: Requested size: 216.80669pt x 173.98224pt on input line 138.
<figures/connections/onto-lts-functions.png, id=13, 409.7709pt x 328.8285pt>
File: figures/connections/onto-lts-functions.png Graphic file (type png)
<use figures/connections/onto-lts-functions.png>
Package pdftex.def Info: figures/connections/onto-lts-functions.png  used on input line 144. on input line 144.
Package pdftex.def Info: Requested size: 216.80669pt x 173.98224pt on input line 144.
[2]

/home/group/cortex_modeling/M1_Layer23/Write-Ups/Model_summary/main.tex:157: LaTeX Error: File `connections/bio-convergence' not found.

See the LaTeX manual or LaTeX Companion for explanation.
Type  H <return>  for immediate help.
 ...                                              
                                                  
l.157 ...=\linewidth]{connections/bio-convergence}
                                                  
I could not locate the file with any of these extensions:
.pdf,.png,.jpg,.mps,.jpeg,.jbig2,.jb2,.PDF,.PNG,.JPG,.JPEG,.JBIG2,.JB2,.eps
Try typing  <return>  to proceed.
If that doesn't work, type  X <return>  to quit.

<figures/connections/shell-convergence.png, id=17, 403.9893pt x 250.0542pt>
File: figures/connections/shell-convergence.png Graphic file (type png)
<use figures/connections/shell-convergence.png>
Package pdftex.def Info: figures/connections/shell-convergence.png  used on input line 163. on input line 163.
Package pdftex.def Info: Requested size: 271.0125pt x 167.75291pt on input line 163.
<figures/connections/assembly-convergence.png, id=18, 403.9893pt x 299.1978pt>
File: figures/connections/assembly-convergence.png Graphic file (type png)
<use figures/connections/assembly-convergence.png>
Package pdftex.def Info: figures/connections/assembly-convergence.png  used on input line 169. on input line 169.
Package pdftex.def Info: Requested size: 271.0125pt x 200.7217pt on input line 169.
[3 <./figures/connections/onto-pn-functions.png> <./figures/connections/onto-fsi-functions.png> <./figures/connections/onto-lts-functions.png>]
<figures/connections/percent-connections.png, id=26, 669.9429pt x 570.933pt>
File: figures/connections/percent-connections.png Graphic file (type png)
<use figures/connections/percent-connections.png>
Package pdftex.def Info: figures/connections/percent-connections.png  used on input line 181. on input line 181.
Package pdftex.def Info: Requested size: 542.02501pt x 461.92177pt on input line 181.
 [4 <./figures/connections/shell-convergence.png> <./figures/connections/assembly-convergence.png>]
<figures/output/baseline-spikes.png, id=32, 867.24pt x 289.08pt>
File: figures/output/baseline-spikes.png Graphic file (type png)
<use figures/output/baseline-spikes.png>
Package pdftex.def Info: figures/output/baseline-spikes.png  used on input line 194. on input line 194.
Package pdftex.def Info: Requested size: 542.02501pt x 180.68336pt on input line 194.
<figures/output/baseline-raster.png, id=33, 867.24pt x 578.16pt>
File: figures/output/baseline-raster.png Graphic file (type png)
<use figures/output/baseline-raster.png>
Package pdftex.def Info: figures/output/baseline-raster.png  used on input line 200. on input line 200.
Package pdftex.def Info: Requested size: 542.02501pt x 361.36674pt on input line 200.
 [5 <./figures/connections/percent-connections.png>]
<figures/output/baseline-psd.png, id=38, 1156.32pt x 1445.4pt>
File: figures/output/baseline-psd.png Graphic file (type png)
<use figures/output/baseline-psd.png>
Package pdftex.def Info: figures/output/baseline-psd.png  used on input line 211. on input line 211.
Package pdftex.def Info: Requested size: 406.51875pt x 508.1472pt on input line 211.
<figures/output/baseline-spectrogram.png, id=39, 722.7pt x 361.35pt>
File: figures/output/baseline-spectrogram.png Graphic file (type png)
<use figures/output/baseline-spectrogram.png>
Package pdftex.def Info: figures/output/baseline-spectrogram.png  used on input line 217. on input line 217.
Package pdftex.def Info: Requested size: 406.51875pt x 203.25888pt on input line 217.
 [6 <./figures/output/baseline-spikes.png> <./figures/output/baseline-raster.png>]
Overfull \vbox (53.40605pt too high) has occurred while \output is active []

 [7 <./figures/output/baseline-psd.png> <./figures/output/baseline-spectrogram.png>]
<figures/output/short-spikes.png, id=51, 867.24pt x 289.08pt>
File: figures/output/short-spikes.png Graphic file (type png)
<use figures/output/short-spikes.png>
Package pdftex.def Info: figures/output/short-spikes.png  used on input line 230. on input line 230.
Package pdftex.def Info: Requested size: 542.02501pt x 180.68336pt on input line 230.
<figures/output/short-raster.png, id=52, 867.24pt x 578.16pt>
File: figures/output/short-raster.png Graphic file (type png)
<use figures/output/short-raster.png>
Package pdftex.def Info: figures/output/short-raster.png  used on input line 236. on input line 236.
Package pdftex.def Info: Requested size: 542.02501pt x 361.36674pt on input line 236.
<figures/output/short-psd.png, id=53, 1156.32pt x 1445.4pt>
File: figures/output/short-psd.png Graphic file (type png)
<use figures/output/short-psd.png>
Package pdftex.def Info: figures/output/short-psd.png  used on input line 247. on input line 247.
Package pdftex.def Info: Requested size: 406.51875pt x 508.1472pt on input line 247.
<figures/output/short-spectrogram.png, id=54, 722.7pt x 361.35pt>
File: figures/output/short-spectrogram.png Graphic file (type png)
<use figures/output/short-spectrogram.png>
Package pdftex.def Info: figures/output/short-spectrogram.png  used on input line 253. on input line 253.
Package pdftex.def Info: Requested size: 406.51875pt x 203.25888pt on input line 253.
 [8 <./figures/output/short-spikes.png> <./figures/output/short-raster.png>]
Overfull \vbox (53.40605pt too high) has occurred while \output is active []

 [9 <./figures/output/short-psd.png> <./figures/output/short-spectrogram.png>]
<figures/output/long-spikes.png, id=65, 867.24pt x 289.08pt>
File: figures/output/long-spikes.png Graphic file (type png)
<use figures/output/long-spikes.png>
Package pdftex.def Info: figures/output/long-spikes.png  used on input line 266. on input line 266.
Package pdftex.def Info: Requested size: 542.02501pt x 180.68336pt on input line 266.
<figures/output/long-raster.png, id=66, 867.24pt x 578.16pt>
File: figures/output/long-raster.png Graphic file (type png)
<use figures/output/long-raster.png>
Package pdftex.def Info: figures/output/long-raster.png  used on input line 272. on input line 272.
Package pdftex.def Info: Requested size: 542.02501pt x 361.36674pt on input line 272.
<figures/output/long-psd.png, id=67, 1156.32pt x 1445.4pt>
File: figures/output/long-psd.png Graphic file (type png)
<use figures/output/long-psd.png>
Package pdftex.def Info: figures/output/long-psd.png  used on input line 283. on input line 283.
Package pdftex.def Info: Requested size: 406.51875pt x 508.1472pt on input line 283.
<figures/output/long-spectrogram.png, id=68, 722.7pt x 361.35pt>
File: figures/output/long-spectrogram.png Graphic file (type png)
<use figures/output/long-spectrogram.png>
Package pdftex.def Info: figures/output/long-spectrogram.png  used on input line 289. on input line 289.
Package pdftex.def Info: Requested size: 406.51875pt x 203.25888pt on input line 289.
 [10 <./figures/output/long-spikes.png> <./figures/output/long-raster.png>]
Overfull \vbox (53.40605pt too high) has occurred while \output is active []

 [11 <./figures/output/long-psd.png> <./figures/output/long-spectrogram.png>]
<figures/output_scaled_syn/baseline-spikes.png, id=79, 867.24pt x 289.08pt>
File: figures/output_scaled_syn/baseline-spikes.png Graphic file (type png)
<use figures/output_scaled_syn/baseline-spikes.png>
Package pdftex.def Info: figures/output_scaled_syn/baseline-spikes.png  used on input line 309. on input line 309.
Package pdftex.def Info: Requested size: 542.02501pt x 180.68336pt on input line 309.
<figures/output_scaled_syn/baseline-raster.png, id=80, 867.24pt x 578.16pt>
File: figures/output_scaled_syn/baseline-raster.png Graphic file (type png)
<use figures/output_scaled_syn/baseline-raster.png>
Package pdftex.def Info: figures/output_scaled_syn/baseline-raster.png  used on input line 315. on input line 315.
Package pdftex.def Info: Requested size: 542.02501pt x 361.36674pt on input line 315.
 [12]
<figures/output_scaled_syn/baseline-psd.png, id=84, 1156.32pt x 1445.4pt>
File: figures/output_scaled_syn/baseline-psd.png Graphic file (type png)
<use figures/output_scaled_syn/baseline-psd.png>
Package pdftex.def Info: figures/output_scaled_syn/baseline-psd.png  used on input line 326. on input line 326.
Package pdftex.def Info: Requested size: 406.51875pt x 508.1472pt on input line 326.
<figures/output_scaled_syn/baseline-spectrogram.png, id=85, 722.7pt x 361.35pt>
File: figures/output_scaled_syn/baseline-spectrogram.png Graphic file (type png)
<use figures/output_scaled_syn/baseline-spectrogram.png>
Package pdftex.def Info: figures/output_scaled_syn/baseline-spectrogram.png  used on input line 332. on input line 332.
Package pdftex.def Info: Requested size: 406.51875pt x 203.25888pt on input line 332.
 [13 <./figures/output_scaled_syn/baseline-spikes.png> <./figures/output_scaled_syn/baseline-raster.png>]
Overfull \vbox (53.40605pt too high) has occurred while \output is active []

 [14 <./figures/output_scaled_syn/baseline-psd.png> <./figures/output_scaled_syn/baseline-spectrogram.png>]
<figures/output_scaled_syn/short-spikes.png, id=97, 867.24pt x 289.08pt>
File: figures/output_scaled_syn/short-spikes.png Graphic file (type png)
<use figures/output_scaled_syn/short-spikes.png>
Package pdftex.def Info: figures/output_scaled_syn/short-spikes.png  used on input line 345. on input line 345.
Package pdftex.def Info: Requested size: 542.02501pt x 180.68336pt on input line 345.
<figures/output_scaled_syn/short-raster.png, id=98, 867.24pt x 578.16pt>
File: figures/output_scaled_syn/short-raster.png Graphic file (type png)
<use figures/output_scaled_syn/short-raster.png>
Package pdftex.def Info: figures/output_scaled_syn/short-raster.png  used on input line 351. on input line 351.
Package pdftex.def Info: Requested size: 542.02501pt x 361.36674pt on input line 351.
<figures/output_scaled_syn/short-psd.png, id=99, 1156.32pt x 1445.4pt>
File: figures/output_scaled_syn/short-psd.png Graphic file (type png)
<use figures/output_scaled_syn/short-psd.png>
Package pdftex.def Info: figures/output_scaled_syn/short-psd.png  used on input line 362. on input line 362.
Package pdftex.def Info: Requested size: 406.51875pt x 508.1472pt on input line 362.
<figures/output_scaled_syn/short-spectrogram.png, id=100, 722.7pt x 361.35pt>
File: figures/output_scaled_syn/short-spectrogram.png Graphic file (type png)
<use figures/output_scaled_syn/short-spectrogram.png>
Package pdftex.def Info: figures/output_scaled_syn/short-spectrogram.png  used on input line 368. on input line 368.
Package pdftex.def Info: Requested size: 406.51875pt x 203.25888pt on input line 368.
 [15 <./figures/output_scaled_syn/short-spikes.png> <./figures/output_scaled_syn/short-raster.png>]
Overfull \vbox (53.40605pt too high) has occurred while \output is active []

 [16 <./figures/output_scaled_syn/short-psd.png> <./figures/output_scaled_syn/short-spectrogram.png>]
<figures/output_scaled_syn/long-spikes.png, id=111, 867.24pt x 289.08pt>
File: figures/output_scaled_syn/long-spikes.png Graphic file (type png)
<use figures/output_scaled_syn/long-spikes.png>
Package pdftex.def Info: figures/output_scaled_syn/long-spikes.png  used on input line 381. on input line 381.
Package pdftex.def Info: Requested size: 542.02501pt x 180.68336pt on input line 381.
<figures/output_scaled_syn/long-raster.png, id=112, 867.24pt x 578.16pt>
File: figures/output_scaled_syn/long-raster.png Graphic file (type png)
<use figures/output_scaled_syn/long-raster.png>
Package pdftex.def Info: figures/output_scaled_syn/long-raster.png  used on input line 387. on input line 387.
Package pdftex.def Info: Requested size: 542.02501pt x 361.36674pt on input line 387.
<figures/output_scaled_syn/long-psd.png, id=113, 1156.32pt x 1445.4pt>
File: figures/output_scaled_syn/long-psd.png Graphic file (type png)
<use figures/output_scaled_syn/long-psd.png>
Package pdftex.def Info: figures/output_scaled_syn/long-psd.png  used on input line 398. on input line 398.
Package pdftex.def Info: Requested size: 406.51875pt x 508.1472pt on input line 398.
<figures/output_scaled_syn/long-spectrogram.png, id=114, 722.7pt x 361.35pt>
File: figures/output_scaled_syn/long-spectrogram.png Graphic file (type png)
<use figures/output_scaled_syn/long-spectrogram.png>
Package pdftex.def Info: figures/output_scaled_syn/long-spectrogram.png  used on input line 404. on input line 404.
Package pdftex.def Info: Requested size: 406.51875pt x 203.25888pt on input line 404.
 [17 <./figures/output_scaled_syn/long-spikes.png> <./figures/output_scaled_syn/long-raster.png>]
Overfull \vbox (53.40605pt too high) has occurred while \output is active []

 [18 <./figures/output_scaled_syn/long-psd.png> <./figures/output_scaled_syn/long-spectrogram.png>] (./main.bbl
Missing character: There is no Ã in font cmr12!
Missing character: There is no ¶ in font cmr12!
Missing character: There is no Ã in font cmr12!
Missing character: There is no ¤ in font cmr12!
Missing character: There is no Ã in font cmr12!
Missing character: There is no ¶ in font cmr12!
Missing character: There is no Ã in font cmr12!
Missing character: There is no ¶ in font cmr12!
Missing character: There is no â in font cmr12!
Missing character: There is no € in font cmr12!
Missing character: There is no “ in font cmr12!
Missing character: There is no Ã in font cmr12!
Missing character: There is no © in font cmr12!
Missing character: There is no Â in font cmr12!
Missing character: There is no   in font cmr12!
) [19] (./main.aux)

LaTeX Warning: There were multiply-defined labels.

 ) 
Here is how much of TeX's memory you used:
 3924 strings out of 494917
 62591 string characters out of 6180700
 152418 words of memory out of 5000000
 7171 multiletter control sequences out of 15000+600000
 9148 words of font info for 32 fonts, out of 8000000 for 9000
 14 hyphenation exceptions out of 8191
 41i,12n,39p,330b,458s stack positions out of 5000i,500n,10000p,200000b,80000s
</usr/share/texlive/texmf-dist/fonts/type1/public/amsfonts/cm/cmbx12.pfb></usr/share/texlive/texmf-dist/fonts/type1/public/amsfonts/cm/cmr10.pfb></usr/share/texlive/texmf-dist/fonts/type1/public/amsfonts/cm/cmr12.pfb></usr/share/texlive/texmf-dist/fonts/type1/public/amsfonts/cm/cmr17.pfb></usr/share/texlive/texmf-dist/fonts/type1/public/amsfonts/cm/cmsy10.pfb></usr/share/texlive/texmf-dist/fonts/type1/public/amsfonts/cm/cmti12.pfb>
Output written on main.pdf (19 pages, 8154781 bytes).
PDF statistics:
 151 PDF objects out of 1000 (max. 8388607)
 63 compressed objects within 1 object stream
 0 named destinations out of 1000 (max. 500000)
 151 words of extra memory for PDF output out of 10000 (max. 10000000)

